PLINK v2.00a1LM 64-bit Intel (11 Feb 2018)
Options in effect:
  --chr 19
  --from-bp 11218235
  --glm dominant hide-covar firth
  --out /hpctmp/xgao32/Blood-type-GWAS/Xg/all1kg/plink_results/refined/xg_gwas_chr19_11218235_11418235_all1kg_refined
  --pfile /hpctmp/xgao32/1KG/plink_1KG/all_phase3 vzs
  --pheno all_xg.tsv
  --pheno-name xg
  --to-bp 11418235

Hostname: atlas8-c01
Working directory: /hpctmp/xgao32/Blood-type-GWAS/Xg
Start time: Tue Aug 13 10:37:53 2024

Random number seed: 1723516673
192880 MB RAM detected; reserving 96440 MB for main workspace.
Using up to 24 threads (change this with --threads).
2504 samples (1270 females, 1233 males, 1 ambiguous; 2497 founders) loaded from
/hpctmp/xgao32/1KG/plink_1KG/all_phase3.psam.
1832506 out of 84805772 variants loaded from
/hpctmp/xgao32/1KG/plink_1KG/all_phase3.pvar.zst.
1 binary phenotype loaded (366 cases, 2138 controls).
6925 variants remaining after main filters.
--glm Firth regression on phenotype 'xg': done.
Results written to /hpctmp/xgao32/Blood-type-GWAS/Xg/all1kg/plink_results/refined/xg_gwas_chr19_11218235_11418235_all1kg_refined.xg.glm.firth .

End time: Tue Aug 13 10:38:27 2024
