PLINK v2.00a1LM 64-bit Intel (11 Feb 2018)
Options in effect:
  --chr 11
  --from-bp 57424434
  --glm dominant hide-covar firth
  --out /hpctmp/xgao32/Blood-type-GWAS/Xg/all1kg/plink_results/refined/xg_gwas_chr11_57424434_57624434_all1kg_refined
  --pfile /hpctmp/xgao32/1KG/plink_1KG/all_phase3 vzs
  --pheno all_xg.tsv
  --pheno-name xg
  --to-bp 57624434

Hostname: atlas8-c01
Working directory: /hpctmp/xgao32/Blood-type-GWAS/Xg
Start time: Tue Aug 13 10:39:01 2024

Random number seed: 1723516741
192880 MB RAM detected; reserving 96440 MB for main workspace.
Using up to 24 threads (change this with --threads).
2504 samples (1270 females, 1233 males, 1 ambiguous; 2497 founders) loaded from
/hpctmp/xgao32/1KG/plink_1KG/all_phase3.psam.
4045628 out of 84805772 variants loaded from
/hpctmp/xgao32/1KG/plink_1KG/all_phase3.pvar.zst.
1 binary phenotype loaded (366 cases, 2138 controls).
5034 variants remaining after main filters.
--glm Firth regression on phenotype 'xg': done.
Results written to /hpctmp/xgao32/Blood-type-GWAS/Xg/all1kg/plink_results/refined/xg_gwas_chr11_57424434_57624434_all1kg_refined.xg.glm.firth .

End time: Tue Aug 13 10:39:35 2024
