PLINK v2.00a1LM 64-bit Intel (11 Feb 2018)
Options in effect:
  --chr #CHROM
  --from-bp 1
  --geno 0.01
  --glm dominant hide-covar firth
  --hwe 1e-6
  --keep EAS_individuals.txt
  --maf 0.01
  --mind 0.01
  --out /hpctmp/xgao32/Blood-type-GWAS/Xg/EAS/plink_results/refined/xg_gwas_chr#CHROM_1_100000_EAS_refined
  --pfile /hpctmp/xgao32/1KG/plink_1KG/all_phase3 vzs
  --pheno all_xg.tsv
  --pheno-name xg
  --to-bp 100000

Hostname: atlas8-c01
Working directory: /hpctmp/xgao32/Blood-type-GWAS/Xg
Start time: Wed Aug 14 00:01:01 2024

Error: Invalid --chr chromosome code '#CHROM'.
For more info, try 'plink2 --help [flag name]' or 'plink2 --help | more'.

End time: Wed Aug 14 00:01:01 2024
