PLINK v2.00a1LM 64-bit Intel (11 Feb 2018)
Options in effect:
  --bfile /hpctmp/xgao32/1KG/phase3_grch37/filtered_vcf/ALL.chr11.filtered
  --glm dominant hide-covar firth
  --out /hpctmp/xgao32/Blood-type-GWAS/Xg/all1kg/plink_results/xg_gwas_chr11
  --pheno all_xg.tsv
  --pheno-name xg

Hostname: atlas8-c01
Working directory: /hpctmp/xgao32/Blood-type-GWAS/Xg
Start time: Wed Aug  7 10:46:41 2024

Random number seed: 1722998801
192880 MB RAM detected; reserving 96440 MB for main workspace.
Using up to 24 threads (change this with --threads).
2504 samples (0 females, 0 males, 2504 ambiguous; 2504 founders) loaded from
/hpctmp/xgao32/1KG/phase3_grch37/filtered_vcf/ALL.chr11.filtered.fam.
525163 variants loaded from
/hpctmp/xgao32/1KG/phase3_grch37/filtered_vcf/ALL.chr11.filtered.bim.
1 binary phenotype loaded (366 cases, 2138 controls).
--glm Firth regression on phenotype 'xg': done.
Results written to /hpctmp/xgao32/Blood-type-GWAS/Xg/all1kg/plink_results/xg_gwas_chr11.xg.glm.firth .

End time: Wed Aug  7 10:48:12 2024
