PLINK v2.00a1LM 64-bit Intel (11 Feb 2018)
Options in effect:
  --bfile /hpctmp/xgao32/1KG/phase3_grch37/filtered_vcf/ALL.chr14.filtered
  --glm dominant hide-covar firth
  --keep SAS_individuals.txt
  --out /hpctmp/xgao32/Blood-type-GWAS/Xg/SAS/plink_results/xg_gwas_chr14_SAS
  --pheno all_xg.tsv
  --pheno-name xg

Hostname: atlas8-c01
Working directory: /hpctmp/xgao32/Blood-type-GWAS/Xg
Start time: Wed Aug  7 00:12:46 2024

Random number seed: 1722960766
192880 MB RAM detected; reserving 96440 MB for main workspace.
Using up to 24 threads (change this with --threads).
2504 samples (0 females, 0 males, 2504 ambiguous; 2504 founders) loaded from
/hpctmp/xgao32/1KG/phase3_grch37/filtered_vcf/ALL.chr14.filtered.fam.
343477 variants loaded from
/hpctmp/xgao32/1KG/phase3_grch37/filtered_vcf/ALL.chr14.filtered.bim.
1 binary phenotype loaded (366 cases, 2138 controls).
--keep: 489 samples remaining.
489 samples (0 females, 0 males, 489 ambiguous; 489 founders) remaining after
main filters.
52 cases and 437 controls remaining after main filters.
--glm Firth regression on phenotype 'xg': done.
Results written to /hpctmp/xgao32/Blood-type-GWAS/Xg/SAS/plink_results/xg_gwas_chr14_SAS.xg.glm.firth .

End time: Wed Aug  7 00:12:50 2024
