PLINK v2.00a1LM 64-bit Intel (11 Feb 2018)
Options in effect:
  --bfile /hpctmp/xgao32/1KG/phase3_grch37/filtered_vcf/ALL.chr10.filtered
  --glm dominant hide-covar firth
  --keep EAS_individuals.txt
  --out /hpctmp/xgao32/Blood-type-GWAS/Xg/EAS/plink_results/xg_gwas_chr10_EAS
  --pheno all_xg.tsv
  --pheno-name xg

Hostname: atlas8-c01
Working directory: /hpctmp/xgao32/Blood-type-GWAS/Xg
Start time: Wed Aug  7 00:08:58 2024

Random number seed: 1722960538
192880 MB RAM detected; reserving 96440 MB for main workspace.
Using up to 24 threads (change this with --threads).
2504 samples (0 females, 0 males, 2504 ambiguous; 2504 founders) loaded from
/hpctmp/xgao32/1KG/phase3_grch37/filtered_vcf/ALL.chr10.filtered.fam.
534725 variants loaded from
/hpctmp/xgao32/1KG/phase3_grch37/filtered_vcf/ALL.chr10.filtered.bim.
1 binary phenotype loaded (366 cases, 2138 controls).
--keep: 504 samples remaining.
504 samples (0 females, 0 males, 504 ambiguous; 504 founders) remaining after
main filters.
93 cases and 411 controls remaining after main filters.
--glm Firth regression on phenotype 'xg': done.
Results written to /hpctmp/xgao32/Blood-type-GWAS/Xg/EAS/plink_results/xg_gwas_chr10_EAS.xg.glm.firth .

End time: Wed Aug  7 00:09:02 2024
