PLINK v2.00a1LM 64-bit Intel (11 Feb 2018)
Options in effect:
  --bfile /hpctmp/xgao32/1KG/phase3_grch37/filtered_vcf/ALL.chr7.filtered
  --glm dominant hide-covar firth
  --keep AFR_individuals.txt
  --out /hpctmp/xgao32/Blood-type-GWAS/Xg/AFR/plink_results/xg_gwas_chr7_AFR
  --pheno all_xg.tsv
  --pheno-name xg

Hostname: atlas8-c01
Working directory: /hpctmp/xgao32/Blood-type-GWAS/Xg
Start time: Wed Aug  7 00:04:14 2024

Random number seed: 1722960254
192880 MB RAM detected; reserving 96440 MB for main workspace.
Using up to 24 threads (change this with --threads).
2504 samples (0 females, 0 males, 2504 ambiguous; 2504 founders) loaded from
/hpctmp/xgao32/1KG/phase3_grch37/filtered_vcf/ALL.chr7.filtered.fam.
627350 variants loaded from
/hpctmp/xgao32/1KG/phase3_grch37/filtered_vcf/ALL.chr7.filtered.bim.
1 binary phenotype loaded (366 cases, 2138 controls).
--keep: 661 samples remaining.
661 samples (0 females, 0 males, 661 ambiguous; 661 founders) remaining after
main filters.
120 cases and 541 controls remaining after main filters.
--glm Firth regression on phenotype 'xg': done.
Results written to /hpctmp/xgao32/Blood-type-GWAS/Xg/AFR/plink_results/xg_gwas_chr7_AFR.xg.glm.firth .

End time: Wed Aug  7 00:04:24 2024
