PLINK v1.90b6.7 64-bit (2 Dec 2018)
Options in effect:
  --bfile ../filtered_vcf/chr9.final
  --ld-snp 9:136132908
  --ld-window 1000000000
  --ld-window-kb 1000000000
  --ld-window-r2 0.0
  --out chr9.ld
  --r2 dprime in-phase with-freqs yes-really

Hostname: atlas9-c01
Working directory: /hpctmp/xgao32/Blood-type-GWAS/biobank/1KG/phase3_grch37/LD_result
Start time: Mon Sep 16 00:16:42 2024

Random number seed: 1726417002
191835 MB RAM detected; reserving 95917 MB for main workspace.
454859 variants loaded from .bim file.
2504 people (0 males, 0 females, 2504 ambiguous) loaded from .fam.
Ambiguous sex IDs written to chr9.ld.nosex .
Using up to 39 threads (change this with --threads).
Before main variant filters, 2504 founders and 0 nonfounders present.
Calculating allele frequencies... done.
454859 variants and 2504 people pass filters and QC.
Note: No phenotypes present.
--r2 in-phase dprime with-freqs... done.
Results written to chr9.ld.ld .

End time: Mon Sep 16 00:16:45 2024
