PLINK v2.00a1LM 64-bit Intel (11 Feb 2018)
Options in effect:
  --bfile /hpctmp/xgao32/Blood-type-GWAS/biobank/1KG/phase3_grch37/filtered_vcf/ALL.chrX.filtered
  --chr X
  --glm hide-covar firth
  --out /hpctmp/xgao32/Blood-type-GWAS/biobank/1KG/all_phase3/phenotype/gwas_results/Fy/Fy_chrX
  --pheno /hpctmp/xgao32/Blood-type-GWAS/biobank/1KG/all_phase3/phenotype/all_phase3.psam.phenotype.psam.updated
  --pheno-name Fy

Hostname: atlas7-c10.hpc.local
Working directory: /hpctmp/xgao32/Blood-type-GWAS/scripts
Start time: Wed Sep  4 10:25:05 2024

Random number seed: 1725416705
48126 MB RAM detected; reserving 24063 MB for main workspace.
Using up to 12 threads (change this with --threads).
2504 samples (0 females, 0 males, 2504 ambiguous; 2504 founders) loaded from
/hpctmp/xgao32/Blood-type-GWAS/biobank/1KG/phase3_grch37/filtered_vcf/ALL.chrX.filtered.fam.
19752 variants loaded from
/hpctmp/xgao32/Blood-type-GWAS/biobank/1KG/phase3_grch37/filtered_vcf/ALL.chrX.filtered.bim.
1 binary phenotype loaded (997 cases, 794 controls).
--glm Firth regression on phenotype 'Fy': done.
Results written to /hpctmp/xgao32/Blood-type-GWAS/biobank/1KG/all_phase3/phenotype/gwas_results/Fy/Fy_chrX.Fy.glm.firth .

End time: Wed Sep  4 10:25:08 2024
