PLINK v2.00a1LM 64-bit Intel (11 Feb 2018)
Options in effect:
  --chr 14
  --from-bp 34286851
  --glm dominant hide-covar firth
  --keep SAS_individuals.txt
  --out /hpctmp/xgao32/Blood-type-GWAS/Xg/SAS/plink_results/refined/xg_gwas_chr14_34286851_34486851_SAS_refined
  --pfile /hpctmp/xgao32/1KG/plink_1KG/all_phase3 vzs
  --pheno all_xg.tsv
  --pheno-name xg
  --to-bp 34486851

Hostname: atlas8-c01
Working directory: /hpctmp/xgao32/Blood-type-GWAS/Xg
Start time: Tue Aug 13 00:04:01 2024

Random number seed: 1723478641
192880 MB RAM detected; reserving 96440 MB for main workspace.
Using up to 24 threads (change this with --threads).
2504 samples (1270 females, 1233 males, 1 ambiguous; 2497 founders) loaded from
/hpctmp/xgao32/1KG/plink_1KG/all_phase3.psam.
2655067 out of 84805772 variants loaded from
/hpctmp/xgao32/1KG/plink_1KG/all_phase3.pvar.zst.
1 binary phenotype loaded (366 cases, 2138 controls).
--keep: 489 samples remaining.
489 samples (229 females, 260 males; 487 founders) remaining after main
filters.
52 cases and 437 controls remaining after main filters.
6367 variants remaining after main filters.
--glm Firth regression on phenotype 'xg': done.
Results written to /hpctmp/xgao32/Blood-type-GWAS/Xg/SAS/plink_results/refined/xg_gwas_chr14_34286851_34486851_SAS_refined.xg.glm.firth .

End time: Tue Aug 13 00:04:35 2024
