PLINK v2.00a1LM 64-bit Intel (11 Feb 2018)
Options in effect:
  --chr 3
  --from-bp 96671415
  --glm dominant hide-covar firth
  --keep SAS_individuals.txt
  --out /hpctmp/xgao32/Blood-type-GWAS/Xg/SAS/plink_results/refined/xg_gwas_chr3_96671415_96871415_SAS_refined
  --pfile /hpctmp/xgao32/1KG/plink_1KG/all_phase3 vzs
  --pheno all_xg.tsv
  --pheno-name xg
  --to-bp 96871415

Hostname: atlas8-c01
Working directory: /hpctmp/xgao32/Blood-type-GWAS/Xg
Start time: Tue Aug 13 00:06:48 2024

Random number seed: 1723478808
192880 MB RAM detected; reserving 96440 MB for main workspace.
Using up to 24 threads (change this with --threads).
2504 samples (1270 females, 1233 males, 1 ambiguous; 2497 founders) loaded from
/hpctmp/xgao32/1KG/plink_1KG/all_phase3.psam.
5832276 out of 84805772 variants loaded from
/hpctmp/xgao32/1KG/plink_1KG/all_phase3.pvar.zst.
1 binary phenotype loaded (366 cases, 2138 controls).
--keep: 489 samples remaining.
489 samples (229 females, 260 males; 487 founders) remaining after main
filters.
52 cases and 437 controls remaining after main filters.
5728 variants remaining after main filters.
--glm Firth regression on phenotype 'xg': done.
Results written to /hpctmp/xgao32/Blood-type-GWAS/Xg/SAS/plink_results/refined/xg_gwas_chr3_96671415_96871415_SAS_refined.xg.glm.firth .

End time: Tue Aug 13 00:07:21 2024
