PLINK v2.00a1LM 64-bit Intel (11 Feb 2018)
Options in effect:
  --bfile /hpctmp/xgao32/1KG/phase3_grch37/filtered_vcf/ALL.chr18.filtered
  --glm dominant hide-covar firth
  --keep AMR_individuals.txt
  --out /hpctmp/xgao32/Blood-type-GWAS/Xg/AMR/plink_results/xg_gwas_chr18_AMR
  --pheno all_xg.tsv
  --pheno-name xg

Hostname: atlas8-c01
Working directory: /hpctmp/xgao32/Blood-type-GWAS/Xg
Start time: Wed Aug  7 00:07:52 2024

Random number seed: 1722960472
192880 MB RAM detected; reserving 96440 MB for main workspace.
Using up to 24 threads (change this with --threads).
2504 samples (0 females, 0 males, 2504 ambiguous; 2504 founders) loaded from
/hpctmp/xgao32/1KG/phase3_grch37/filtered_vcf/ALL.chr18.filtered.fam.
304600 variants loaded from
/hpctmp/xgao32/1KG/phase3_grch37/filtered_vcf/ALL.chr18.filtered.bim.
1 binary phenotype loaded (366 cases, 2138 controls).
--keep: 347 samples remaining.
347 samples (0 females, 0 males, 347 ambiguous; 347 founders) remaining after
main filters.
42 cases and 305 controls remaining after main filters.
--glm Firth regression on phenotype 'xg': done.
Results written to /hpctmp/xgao32/Blood-type-GWAS/Xg/AMR/plink_results/xg_gwas_chr18_AMR.xg.glm.firth .

End time: Wed Aug  7 00:07:55 2024
