PLINK v2.00a1LM 64-bit Intel (11 Feb 2018)
Options in effect:
  --bfile /hpctmp/xgao32/Blood-type-GWAS/biobank/1KG/phase3_grch37/filtered_vcf/ALL.chr8.filtered
  --glm dominant hide-covar firth
  --out /hpctmp/xgao32/Blood-type-GWAS/biobank/1KG/all_phase3/phenotype/gwas_results/Jk/Jk_chr8
  --pheno /hpctmp/xgao32/Blood-type-GWAS/biobank/1KG/all_phase3/phenotype/all_phase3.psam.phenotype.psam.updated
  --pheno-name Jk

Hostname: atlas9-c01
Working directory: /home/svu/xgao32
Start time: Wed Sep  4 01:32:31 2024

Random number seed: 1725384751
191835 MB RAM detected; reserving 95917 MB for main workspace.
Using up to 40 threads (change this with --threads).
2504 samples (0 females, 0 males, 2504 ambiguous; 2504 founders) loaded from
/hpctmp/xgao32/Blood-type-GWAS/biobank/1KG/phase3_grch37/filtered_vcf/ALL.chr8.filtered.fam.
579394 variants loaded from
/hpctmp/xgao32/Blood-type-GWAS/biobank/1KG/phase3_grch37/filtered_vcf/ALL.chr8.filtered.bim.
1 binary phenotype loaded (473 cases, 919 controls).
--glm Firth regression on phenotype 'Jk': done.
Results written to /hpctmp/xgao32/Blood-type-GWAS/biobank/1KG/all_phase3/phenotype/gwas_results/Jk/Jk_chr8.Jk.glm.firth .

End time: Wed Sep  4 01:32:39 2024
