PLINK v2.00a1LM 64-bit Intel (11 Feb 2018)
Options in effect:
  --bfile /hpctmp/xgao32/Blood-type-GWAS/biobank/1KG/phase3_grch37/filtered_vcf/ALL.chr14.filtered
  --glm dominant hide-covar firth
  --out /hpctmp/xgao32/Blood-type-GWAS/biobank/1KG/all_phase3/phenotype/gwas_results/O/O_chr14
  --pheno /hpctmp/xgao32/Blood-type-GWAS/biobank/1KG/all_phase3/phenotype/all_phase3.psam.phenotype.psam.updated
  --pheno-name O

Hostname: atlas9-c01
Working directory: /home/svu/xgao32
Start time: Wed Sep  4 01:21:27 2024

Random number seed: 1725384087
191835 MB RAM detected; reserving 95917 MB for main workspace.
Using up to 40 threads (change this with --threads).
2504 samples (0 females, 0 males, 2504 ambiguous; 2504 founders) loaded from
/hpctmp/xgao32/Blood-type-GWAS/biobank/1KG/phase3_grch37/filtered_vcf/ALL.chr14.filtered.fam.
343477 variants loaded from
/hpctmp/xgao32/Blood-type-GWAS/biobank/1KG/phase3_grch37/filtered_vcf/ALL.chr14.filtered.bim.
1 binary phenotype loaded (318 cases, 1100 controls).
--glm Firth regression on phenotype 'O': done.
Results written to /hpctmp/xgao32/Blood-type-GWAS/biobank/1KG/all_phase3/phenotype/gwas_results/O/O_chr14.O.glm.firth .

End time: Wed Sep  4 01:21:33 2024
